<<<<<<< Updated upstream
<<<<<<< Updated upstream
<<<<<<< Updated upstream
--------------- Build Started: 10/19/2025 22:50:09 Project: CS301_Class, Configuration: ARM GCC 5.4-2016-q2-update Debug ---------------
The code generation step is up to date.
arm-none-eabi-gcc.exe -mcpu=cortex-m3 -mthumb -I. -IGenerated_Source\PSoC5 -Wa,-alh=.\CortexM3\ARM_GCC_541\Debug/main.lst -g -D DEBUG -Wall -ffunction-sections -ffat-lto-objects -O0 -c main.c -o .\CortexM3\ARM_GCC_541\Debug\main.o
arm-none-eabi-ar.exe -rs .\CortexM3\ARM_GCC_541\Debug\CS301_Class.a .\CortexM3\ARM_GCC_541\Debug\A0.o .\CortexM3\ARM_GCC_541\Debug\ADC.o .\CortexM3\ARM_GCC_541\Debug\ADC_PM.o .\CortexM3\ARM_GCC_541\Debug\ADC_INT.o .\CortexM3\ARM_GCC_541\Debug\A1.o .\CortexM3\ARM_GCC_541\Debug\A2.o .\CortexM3\ARM_GCC_541\Debug\A3.o .\CortexM3\ARM_GCC_541\Debug\A4.o .\CortexM3\ARM_GCC_541\Debug\A5.o .\CortexM3\ARM_GCC_541\Debug\isr_TS.o .\CortexM3\ARM_GCC_541\Debug\Timer_TS.o .\CortexM3\ARM_GCC_541\Debug\Timer_TS_PM.o .\CortexM3\ARM_GCC_541\Debug\USBUART.o .\CortexM3\ARM_GCC_541\Debug\USBUART_audio.o .\CortexM3\ARM_GCC_541\Debug\USBUART_boot.o .\CortexM3\ARM_GCC_541\Debug\USBUART_cdc.o .\CortexM3\ARM_GCC_541\Debug\USBUART_cls.o .\CortexM3\ARM_GCC_541\Debug\USBUART_descr.o .\CortexM3\ARM_GCC_541\Debug\USBUART_drv.o .\CortexM3\ARM_GCC_541\Debug\USBUART_episr.o .\CortexM3\ARM_GCC_541\Debug\USBUART_hid.o .\CortexM3\ARM_GCC_541\Debug\USBUART_pm.o .\CortexM3\ARM_GCC_541\Debug\USBUART_std.o .\CortexM3\ARM_GCC_541\Debug\USBUART_vnd.o .\CortexM3\ARM_GCC_541\Debug\USBUART_midi.o .\CortexM3\ARM_GCC_541\Debug\USBUART_msc.o .\CortexM3\ARM_GCC_541\Debug\Clock2.o .\CortexM3\ARM_GCC_541\Debug\CONTROL.o .\CortexM3\ARM_GCC_541\Debug\CONTROL_PM.o .\CortexM3\ARM_GCC_541\Debug\ADC_SAR.o .\CortexM3\ARM_GCC_541\Debug\ADC_SAR_INT.o .\CortexM3\ARM_GCC_541\Debug\ADC_SAR_PM.o .\CortexM3\ARM_GCC_541\Debug\ADC_IntClock.o .\CortexM3\ARM_GCC_541\Debug\ADC_TempBuf_dma.o .\CortexM3\ARM_GCC_541\Debug\ADC_FinalBuf_dma.o .\CortexM3\ARM_GCC_541\Debug\ADC_IRQ.o .\CortexM3\ARM_GCC_541\Debug\USBUART_Dm.o .\CortexM3\ARM_GCC_541\Debug\USBUART_Dp.o .\CortexM3\ARM_GCC_541\Debug\CyDmac.o .\CortexM3\ARM_GCC_541\Debug\CyFlash.o .\CortexM3\ARM_GCC_541\Debug\CyLib.o .\CortexM3\ARM_GCC_541\Debug\cyPm.o .\CortexM3\ARM_GCC_541\Debug\CySpc.o .\CortexM3\ARM_GCC_541\Debug\cyutils.o .\CortexM3\ARM_GCC_541\Debug\PWM_1.o .\CortexM3\ARM_GCC_541\Debug\PWM_1_PM.o .\CortexM3\ARM_GCC_541\Debug\Clock_PWM.o .\CortexM3\ARM_GCC_541\Debug\Clock_QENC.o .\CortexM3\ARM_GCC_541\Debug\M1_IN1.o .\CortexM3\ARM_GCC_541\Debug\M1_IN2.o .\CortexM3\ARM_GCC_541\Debug\M2_IN1.o .\CortexM3\ARM_GCC_541\Debug\M2_IN2.o .\CortexM3\ARM_GCC_541\Debug\M2_D1.o .\CortexM3\ARM_GCC_541\Debug\M1_QA.o .\CortexM3\ARM_GCC_541\Debug\M1_QB.o .\CortexM3\ARM_GCC_541\Debug\M2_QA.o .\CortexM3\ARM_GCC_541\Debug\M2_QB.o .\CortexM3\ARM_GCC_541\Debug\M1_D1.o .\CortexM3\ARM_GCC_541\Debug\isr_eoc.o .\CortexM3\ARM_GCC_541\Debug\PWM_2.o .\CortexM3\ARM_GCC_541\Debug\PWM_2_PM.o .\CortexM3\ARM_GCC_541\Debug\LED.o .\CortexM3\ARM_GCC_541\Debug\QuadDec_M1.o .\CortexM3\ARM_GCC_541\Debug\QuadDec_M1_PM.o .\CortexM3\ARM_GCC_541\Debug\QuadDec_M2.o .\CortexM3\ARM_GCC_541\Debug\QuadDec_M2_PM.o .\CortexM3\ARM_GCC_541\Debug\QuadDec_M1_Cnt16.o .\CortexM3\ARM_GCC_541\Debug\QuadDec_M1_Cnt16_PM.o .\CortexM3\ARM_GCC_541\Debug\QuadDec_M2_Cnt16.o .\CortexM3\ARM_GCC_541\Debug\QuadDec_M2_Cnt16_PM.o .\CortexM3\ARM_GCC_541\Debug\DB0.o .\CortexM3\ARM_GCC_541\Debug\DB1.o .\CortexM3\ARM_GCC_541\Debug\DB2.o .\CortexM3\ARM_GCC_541\Debug\isrRF_TX.o .\CortexM3\ARM_GCC_541\Debug\isrRF_RX.o .\CortexM3\ARM_GCC_541\Debug\UART.o .\CortexM3\ARM_GCC_541\Debug\UART_PM.o .\CortexM3\ARM_GCC_541\Debug\UART_INT.o .\CortexM3\ARM_GCC_541\Debug\UART_BOOT.o .\CortexM3\ARM_GCC_541\Debug\UART_IntClock.o .\CortexM3\ARM_GCC_541\Debug\RF_BT_SELECT.o .\CortexM3\ARM_GCC_541\Debug\RF_BT_SELECT_PM.o .\CortexM3\ARM_GCC_541\Debug\cy_em_eeprom.o .\CortexM3\ARM_GCC_541\Debug\M1_D2.o .\CortexM3\ARM_GCC_541\Debug\M2_D2.o .\CortexM3\ARM_GCC_541\Debug\M1_EN.o .\CortexM3\ARM_GCC_541\Debug\M2_EN.o .\CortexM3\ARM_GCC_541\Debug\Clock_QD.o .\CortexM3\ARM_GCC_541\Debug\Timer_QD.o .\CortexM3\ARM_GCC_541\Debug\Timer_QD_PM.o .\CortexM3\ARM_GCC_541\Debug\isr_qd.o .\CortexM3\ARM_GCC_541\Debug\CyBootAsmGnu.o
arm-none-eabi-ar.exe: creating .\CortexM3\ARM_GCC_541\Debug\CS301_Class.a
arm-none-eabi-gcc.exe -Wl,--start-group -o "C:\Users\ylee818\Downloads\301\YASH Code\CS301_Class.cydsn\CortexM3\ARM_GCC_541\Debug\CS301_Class.elf" .\CortexM3\ARM_GCC_541\Debug\main.o .\CortexM3\ARM_GCC_541\Debug\tacho.o .\CortexM3\ARM_GCC_541\Debug\sensors.o .\CortexM3\ARM_GCC_541\Debug\motor_s.o .\CortexM3\ARM_GCC_541\Debug\directions.o .\CortexM3\ARM_GCC_541\Debug\cyfitter_cfg.o .\CortexM3\ARM_GCC_541\Debug\cymetadata.o .\CortexM3\ARM_GCC_541\Debug\Cm3Start.o .\CortexM3\ARM_GCC_541\Debug\CS301_Class.a "C:\Program Files (x86)\Cypress\PSoC Creator\4.2\PSoC Creator\psoc\content\cycomponentlibrary\CyComponentLibrary.cylib\CortexM3\ARM_GCC_541\Debug\CyComponentLibrary.a" -mcpu=cortex-m3 -mthumb -L Generated_Source\PSoC5 -Wl,-Map,.\CortexM3\ARM_GCC_541\Debug/CS301_Class.map -T Generated_Source\PSoC5\cm3gcc.ld -specs=nano.specs -Wl,--gc-sections -g -ffunction-sections -O0 -ffat-lto-objects -Wl,--end-group
cyelftool.exe -C "C:\Users\ylee818\Downloads\301\YASH Code\CS301_Class.cydsn\CortexM3\ARM_GCC_541\Debug\CS301_Class.elf" --flash_row_size 256 --flash_size 262144 --flash_offset 0x00000000
No ELF section .cychecksum found, creating one
Application checksum calculated and stored in ELF section .cychecksum
Checksum calculated and stored in ELF section .cymeta
cyelftool.exe -S "C:\Users\ylee818\Downloads\301\YASH Code\CS301_Class.cydsn\CortexM3\ARM_GCC_541\Debug\CS301_Class.elf"
Flash used: 13198 of 262144 bytes (5.0%).
SRAM used: 2629 of 65536 bytes (4.0%). Stack: 2048 bytes. Heap: 128 bytes.
--------------- Build Succeeded: 10/19/2025 22:50:10 ---------------
=======
--------------- Build Started: 10/19/2025 23:38:14 Project: CS301_Class, Configuration: ARM GCC 5.4-2016-q2-update Debug ---------------
The code generation step is up to date.
arm-none-eabi-gcc.exe -mcpu=cortex-m3 -mthumb -I. -IGenerated_Source\PSoC5 -Wa,-alh=.\CortexM3\ARM_GCC_541\Debug/main.lst -g -D DEBUG -Wall -ffunction-sections -ffat-lto-objects -O0 -c main.c -o .\CortexM3\ARM_GCC_541\Debug\main.o
=======
--------------- Build Started: 10/19/2025 23:38:14 Project: CS301_Class, Configuration: ARM GCC 5.4-2016-q2-update Debug ---------------
The code generation step is up to date.
arm-none-eabi-gcc.exe -mcpu=cortex-m3 -mthumb -I. -IGenerated_Source\PSoC5 -Wa,-alh=.\CortexM3\ARM_GCC_541\Debug/main.lst -g -D DEBUG -Wall -ffunction-sections -ffat-lto-objects -O0 -c main.c -o .\CortexM3\ARM_GCC_541\Debug\main.o
>>>>>>> Stashed changes
=======
--------------- Build Started: 10/19/2025 23:38:14 Project: CS301_Class, Configuration: ARM GCC 5.4-2016-q2-update Debug ---------------
The code generation step is up to date.
arm-none-eabi-gcc.exe -mcpu=cortex-m3 -mthumb -I. -IGenerated_Source\PSoC5 -Wa,-alh=.\CortexM3\ARM_GCC_541\Debug/main.lst -g -D DEBUG -Wall -ffunction-sections -ffat-lto-objects -O0 -c main.c -o .\CortexM3\ARM_GCC_541\Debug\main.o
>>>>>>> Stashed changes
main.c:135:0: warning: "STEER_MAX" redefined
 #define STEER_MAX        13
 ^
main.c:131:0: note: this is the location of the previous definition
 #define STEER_MAX        18
 ^
main.c:136:0: warning: "KP" redefined
 #define KP               18.0f
 ^
main.c:132:0: note: this is the location of the previous definition
 #define KP               14.5f
 ^
main.c:137:0: warning: "KI" redefined
 #define KI               2.0f
 ^
main.c:133:0: note: this is the location of the previous definition
 #define KI               3.0f
 ^
arm-none-eabi-gcc.exe -mcpu=cortex-m3 -mthumb -I. -IGenerated_Source\PSoC5 -Wa,-alh=.\CortexM3\ARM_GCC_541\Debug/directions.lst -g -D DEBUG -Wall -ffunction-sections -ffat-lto-objects -O0 -c directions.c -o .\CortexM3\ARM_GCC_541\Debug\directions.o
directions.c:16:1: error: expected identifier or '(' before '<<' token
 <<<<<<< HEAD
 ^
directions.c:21:0: warning: "PIVOT_SPEED_L" redefined
 #define PIVOT_SPEED_L         28   // left turn speed
 ^
directions.c:17:0: note: this is the location of the previous definition
 #define PIVOT_SPEED_L         29   // left turn speed
 ^
directions.c:22:0: warning: "PIVOT_SPEED_R" redefined
 #define PIVOT_SPEED_R         31   // right turn speed
 ^
directions.c:18:0: note: this is the location of the previous definition
 #define PIVOT_SPEED_R         30   // right turn speed
 ^
directions.c:23:0: warning: "STOP_BEFORE_MS" redefined
 #define STOP_BEFORE_MS        90
 ^
directions.c:19:0: note: this is the location of the previous definition
 #define STOP_BEFORE_MS        100
 ^
directions.c:24:9: error: invalid suffix "c7aaae47317563c7fe234c6eca35286da803793" on integer constant
 >>>>>>> 1c7aaae47317563c7fe234c6eca35286da803793
         ^
directions.c:37:3: warning: data definition has no type or storage class
 } dir_state_t;
   ^
The command 'arm-none-eabi-gcc.exe' failed with exit code '1'.
directions.c:37:3: warning: type defaults to 'int' in declaration of 'dir_state_t' [-Wimplicit-int]
directions.c:39:20: error: expected '=', ',', ';', 'asm' or '__attribute__' before 's_state'
 static dir_state_t s_state = DIR_IDLE;
                    ^
directions.c: In function 'finish_and_release':
directions.c:128:5: error: 's_state' undeclared (first use in this function)
     s_state = DIR_IDLE;
     ^
directions.c:128:5: note: each undeclared identifier is reported only once for each function it appears in
directions.c:128:15: error: 'DIR_IDLE' undeclared (first use in this function)
     s_state = DIR_IDLE;
               ^
directions.c: In function 'Directions_Init':
directions.c:148:5: error: 's_state' undeclared (first use in this function)
     s_state = DIR_IDLE;
     ^
directions.c:148:15: error: 'DIR_IDLE' undeclared (first use in this function)
     s_state = DIR_IDLE;
               ^
directions.c: In function 'Directions_Handle':
directions.c:159:13: error: 's_state' undeclared (first use in this function)
     switch (s_state)
             ^
directions.c:161:10: error: 'DIR_IDLE' undeclared (first use in this function)
     case DIR_IDLE:
          ^
directions.c:175:23: error: 'DIR_TURNING' undeclared (first use in this function)
             s_state = DIR_TURNING;
                       ^
directions.c:198:23: error: 'DIR_FINISH' undeclared (first use in this function)
             s_state = DIR_FINISH;
                       ^
--------------- Build Failed: 10/19/2025 23:38:15 ---------------
<<<<<<< Updated upstream
<<<<<<< Updated upstream
>>>>>>> Stashed changes
=======
>>>>>>> Stashed changes
=======
>>>>>>> Stashed changes
